<?xml version="1.0" encoding="UTF-8"?>
<!-- Generated by org.testng.reporters.JUnitReportReporter -->
<testsuite hostname="hp" failures="0" tests="3" name="Fatima.FatimaTest" time="0.022" errors="0" timestamp="2024-09-02T09:53:37 EEST" skipped="0">
  <testcase classname="Fatima.FatimaTest" name="BpenBrowser" time="0.002"/>
  <system-out/>
  <testcase classname="Fatima.FatimaTest" name="AignIn" time="0.019"/>
  <system-out/>
  <testcase classname="Fatima.FatimaTest" name="LogOut" time="0.001"/>
  <system-out/>
</testsuite> <!-- Fatima.FatimaTest -->
