<?xml version="1.0" encoding="UTF-8"?>
<!-- Generated by org.testng.reporters.JUnitReportReporter -->
<testsuite hostname="hp" failures="0" tests="1" name="Fatima.TestNGFatima" time="0.021" errors="0" timestamp="2024-08-27T11:48:50 EEST" skipped="0">
  <testcase classname="Fatima.TestNGFatima" name="f" time="0.021"/>
  <system-out/>
</testsuite> <!-- Fatima.TestNGFatima -->
