<?xml version="1.0" encoding="UTF-8"?>
<!-- Generated by org.testng.reporters.JUnitReportReporter -->
<testsuite hostname="hp" failures="0" tests="1" name="automationFramework.Test0" time="0.000" errors="0" timestamp="2024-09-04T09:19:04 EEST" skipped="1">
  <testcase classname="automationFramework.Test0" name="testLogin" time="0.000">
    <skipped/>
  </testcase> <!-- testLogin -->
  <system-out/>
</testsuite> <!-- automationFramework.Test0 -->
